  [1m[35m (0.1ms)[0m  [1m[34mSELECT sqlite_version(*)[0m
  [1m[35m (2.1ms)[0m  [1m[35mCREATE TABLE "schema_migrations" ("version" varchar NOT NULL PRIMARY KEY)[0m
  [1m[35m (1.2ms)[0m  [1m[35mCREATE TABLE "ar_internal_metadata" ("key" varchar NOT NULL PRIMARY KEY, "value" varchar, "created_at" datetime NOT NULL, "updated_at" datetime NOT NULL)[0m
  [1m[35m (0.1ms)[0m  [1m[34mSELECT "schema_migrations"."version" FROM "schema_migrations" ORDER BY "schema_migrations"."version" ASC[0m
Migrating to CreateBooks (20191108000442)
  [1m[35m (0.0ms)[0m  [1m[36mbegin transaction[0m
  [1m[35m (0.7ms)[0m  [1m[35mCREATE TABLE "books" ("id" INTEGER PRIMARY KEY AUTOINCREMENT NOT NULL, "title" varchar, "memo" text, "created_at" datetime NOT NULL, "updated_at" datetime NOT NULL)[0m
  [1m[35mSQL (0.1ms)[0m  [1m[32mINSERT INTO "schema_migrations" ("version") VALUES (?)[0m  [["version", "20191108000442"]]
  [1m[35m (0.6ms)[0m  [1m[36mcommit transaction[0m
  [1m[36mActiveRecord::InternalMetadata Load (0.1ms)[0m  [1m[34mSELECT  "ar_internal_metadata".* FROM "ar_internal_metadata" WHERE "ar_internal_metadata"."key" = ? LIMIT ?[0m  [["key", "environment"], ["LIMIT", 1]]
  [1m[35m (0.0ms)[0m  [1m[36mbegin transaction[0m
  [1m[35mSQL (0.3ms)[0m  [1m[32mINSERT INTO "ar_internal_metadata" ("key", "value", "created_at", "updated_at") VALUES (?, ?, ?, ?)[0m  [["key", "environment"], ["value", "development"], ["created_at", "2019-11-08 00:04:58.793627"], ["updated_at", "2019-11-08 00:04:58.793627"]]
  [1m[35m (0.7ms)[0m  [1m[36mcommit transaction[0m
  [1m[35m (0.1ms)[0m  [1m[34mSELECT "schema_migrations"."version" FROM "schema_migrations" ORDER BY "schema_migrations"."version" ASC[0m
Started GET "/books" for ::1 at 2019-11-08 09:05:30 +0900
  [1m[35m (0.1ms)[0m  [1m[34mSELECT "schema_migrations"."version" FROM "schema_migrations" ORDER BY "schema_migrations"."version" ASC[0m
Processing by BooksController#index as HTML
  Rendering books/index.html.erb within layouts/application
  [1m[36mBook Load (0.2ms)[0m  [1m[34mSELECT "books".* FROM "books"[0m
  Rendered books/index.html.erb within layouts/application (2.8ms)
Completed 200 OK in 693ms (Views: 686.8ms | ActiveRecord: 0.5ms)


Started GET "/books/new" for ::1 at 2019-11-08 09:06:02 +0900
Processing by BooksController#new as HTML
  Rendering books/new.html.erb within layouts/application
  Rendered books/_form.html.erb (11.2ms)
  Rendered books/new.html.erb within layouts/application (12.4ms)
Completed 200 OK in 35ms (Views: 22.4ms | ActiveRecord: 1.3ms)


Started POST "/books" for ::1 at 2019-11-08 09:07:01 +0900
Processing by BooksController#create as HTML
  Parameters: {"utf8"=>"âœ“", "authenticity_token"=>"C9O2j49vvpYFtQt5wIhqdZWgCkMui6EYr2H0v3VpiPnrxz0+EmAoGBU8tKQD2T688WqVNxSOAZ0gNaidM1qJmw==", "book"=>{"title"=>"ONE PIECE", "memo"=>"comic"}, "commit"=>"Create Book"}
  [1m[35m (0.1ms)[0m  [1m[36mbegin transaction[0m
  [1m[35mSQL (0.6ms)[0m  [1m[32mINSERT INTO "books" ("title", "memo", "created_at", "updated_at") VALUES (?, ?, ?, ?)[0m  [["title", "ONE PIECE"], ["memo", "comic"], ["created_at", "2019-11-08 00:07:01.686510"], ["updated_at", "2019-11-08 00:07:01.686510"]]
  [1m[35m (0.9ms)[0m  [1m[36mcommit transaction[0m
Redirected to http://localhost:3000/books/1
Completed 302 Found in 6ms (ActiveRecord: 1.6ms)


Started GET "/books/1" for ::1 at 2019-11-08 09:07:01 +0900
Processing by BooksController#show as HTML
  Parameters: {"id"=>"1"}
  [1m[36mBook Load (0.2ms)[0m  [1m[34mSELECT  "books".* FROM "books" WHERE "books"."id" = ? LIMIT ?[0m  [["id", 1], ["LIMIT", 1]]
  Rendering books/show.html.erb within layouts/application
  Rendered books/show.html.erb within layouts/application (0.6ms)
Completed 200 OK in 15ms (Views: 10.7ms | ActiveRecord: 0.2ms)


Started GET "/books/1/edit" for ::1 at 2019-11-08 09:07:04 +0900
Processing by BooksController#edit as HTML
  Parameters: {"id"=>"1"}
  [1m[36mBook Load (0.2ms)[0m  [1m[34mSELECT  "books".* FROM "books" WHERE "books"."id" = ? LIMIT ?[0m  [["id", 1], ["LIMIT", 1]]
  Rendering books/edit.html.erb within layouts/application
  Rendered books/_form.html.erb (2.8ms)
  Rendered books/edit.html.erb within layouts/application (4.9ms)
Completed 200 OK in 18ms (Views: 14.9ms | ActiveRecord: 0.2ms)


Started PATCH "/books/1" for ::1 at 2019-11-08 09:07:05 +0900
Processing by BooksController#update as HTML
  Parameters: {"utf8"=>"âœ“", "authenticity_token"=>"JJyeNrq4y5WNnBtXOF46+tlmk15z+QwEbxpnmWpvDmB5GE8ShQBuLpIOySRiIjOBXuJE+qrldwJLLUEwOn0F2Q==", "book"=>{"title"=>"ONE PIECE", "memo"=>"comic"}, "commit"=>"Update Book", "id"=>"1"}
  [1m[36mBook Load (0.1ms)[0m  [1m[34mSELECT  "books".* FROM "books" WHERE "books"."id" = ? LIMIT ?[0m  [["id", 1], ["LIMIT", 1]]
  [1m[35m (0.0ms)[0m  [1m[36mbegin transaction[0m
  [1m[35m (0.0ms)[0m  [1m[36mcommit transaction[0m
Redirected to http://localhost:3000/books/1
Completed 302 Found in 2ms (ActiveRecord: 0.2ms)


Started GET "/books/1" for ::1 at 2019-11-08 09:07:05 +0900
Processing by BooksController#show as HTML
  Parameters: {"id"=>"1"}
  [1m[36mBook Load (0.2ms)[0m  [1m[34mSELECT  "books".* FROM "books" WHERE "books"."id" = ? LIMIT ?[0m  [["id", 1], ["LIMIT", 1]]
  Rendering books/show.html.erb within layouts/application
  Rendered books/show.html.erb within layouts/application (0.6ms)
Completed 200 OK in 41ms (Views: 10.2ms | ActiveRecord: 0.2ms)


Started GET "/books" for ::1 at 2019-11-08 09:07:14 +0900
Processing by BooksController#index as HTML
  Rendering books/index.html.erb within layouts/application
  [1m[36mBook Load (0.2ms)[0m  [1m[34mSELECT "books".* FROM "books"[0m
  Rendered books/index.html.erb within layouts/application (2.6ms)
Completed 200 OK in 18ms (Views: 15.5ms | ActiveRecord: 0.2ms)


Started GET "/rails/info/routes" for ::1 at 2019-11-08 09:12:00 +0900
  [1m[35m (0.1ms)[0m  [1m[34mSELECT "schema_migrations"."version" FROM "schema_migrations" ORDER BY "schema_migrations"."version" ASC[0m
Processing by Rails::InfoController#routes as HTML
  Rendering /Users/yenyuwen/.rvm/gems/ruby-2.6.3/gems/railties-5.1.7/lib/rails/templates/rails/info/routes.html.erb within layouts/application
  Rendered collection of /Users/yenyuwen/.rvm/gems/ruby-2.6.3/gems/actionpack-5.1.7/lib/action_dispatch/middleware/templates/routes/_route.html.erb [8 times] (2.5ms)
  Rendered /Users/yenyuwen/.rvm/gems/ruby-2.6.3/gems/actionpack-5.1.7/lib/action_dispatch/middleware/templates/routes/_table.html.erb (5.4ms)
  Rendered /Users/yenyuwen/.rvm/gems/ruby-2.6.3/gems/railties-5.1.7/lib/rails/templates/rails/info/routes.html.erb within layouts/application (10.8ms)
Completed 200 OK in 21ms (Views: 14.9ms | ActiveRecord: 0.0ms)


Started GET "/rails/info/routes" for ::1 at 2019-11-08 09:23:05 +0900
  [1m[35m (0.1ms)[0m  [1m[34mSELECT "schema_migrations"."version" FROM "schema_migrations" ORDER BY "schema_migrations"."version" ASC[0m
Processing by Rails::InfoController#routes as HTML
  Rendering /Users/yenyuwen/.rvm/gems/ruby-2.6.3/gems/railties-5.1.7/lib/rails/templates/rails/info/routes.html.erb within layouts/application
  Rendered collection of /Users/yenyuwen/.rvm/gems/ruby-2.6.3/gems/actionpack-5.1.7/lib/action_dispatch/middleware/templates/routes/_route.html.erb [8 times] (2.4ms)
  Rendered /Users/yenyuwen/.rvm/gems/ruby-2.6.3/gems/actionpack-5.1.7/lib/action_dispatch/middleware/templates/routes/_table.html.erb (4.2ms)
  Rendered /Users/yenyuwen/.rvm/gems/ruby-2.6.3/gems/railties-5.1.7/lib/rails/templates/rails/info/routes.html.erb within layouts/application (9.1ms)
Completed 200 OK in 18ms (Views: 13.4ms | ActiveRecord: 0.0ms)


Started GET "/rails/info/routes" for ::1 at 2019-11-08 09:23:13 +0900
Processing by Rails::InfoController#routes as HTML
  Rendering /Users/yenyuwen/.rvm/gems/ruby-2.6.3/gems/railties-5.1.7/lib/rails/templates/rails/info/routes.html.erb within layouts/application
  Rendered collection of /Users/yenyuwen/.rvm/gems/ruby-2.6.3/gems/actionpack-5.1.7/lib/action_dispatch/middleware/templates/routes/_route.html.erb [8 times] (2.2ms)
  Rendered /Users/yenyuwen/.rvm/gems/ruby-2.6.3/gems/actionpack-5.1.7/lib/action_dispatch/middleware/templates/routes/_table.html.erb (0.8ms)
  Rendered /Users/yenyuwen/.rvm/gems/ruby-2.6.3/gems/railties-5.1.7/lib/rails/templates/rails/info/routes.html.erb within layouts/application (4.9ms)
Completed 200 OK in 8ms (Views: 6.8ms | ActiveRecord: 0.0ms)


Started GET "/rails/books" for ::1 at 2019-11-08 09:23:15 +0900
  
ActionController::RoutingError (No route matches [GET] "/rails/books"):
  
actionpack (5.1.7) lib/action_dispatch/middleware/debug_exceptions.rb:63:in `call'
web-console (3.7.0) lib/web_console/middleware.rb:135:in `call_app'
web-console (3.7.0) lib/web_console/middleware.rb:30:in `block in call'
web-console (3.7.0) lib/web_console/middleware.rb:20:in `catch'
web-console (3.7.0) lib/web_console/middleware.rb:20:in `call'
actionpack (5.1.7) lib/action_dispatch/middleware/show_exceptions.rb:31:in `call'
railties (5.1.7) lib/rails/rack/logger.rb:36:in `call_app'
railties (5.1.7) lib/rails/rack/logger.rb:24:in `block in call'
activesupport (5.1.7) lib/active_support/tagged_logging.rb:69:in `block in tagged'
activesupport (5.1.7) lib/active_support/tagged_logging.rb:26:in `tagged'
activesupport (5.1.7) lib/active_support/tagged_logging.rb:69:in `tagged'
railties (5.1.7) lib/rails/rack/logger.rb:24:in `call'
sprockets-rails (3.2.1) lib/sprockets/rails/quiet_assets.rb:13:in `call'
actionpack (5.1.7) lib/action_dispatch/middleware/remote_ip.rb:79:in `call'
actionpack (5.1.7) lib/action_dispatch/middleware/request_id.rb:25:in `call'
rack (2.0.7) lib/rack/method_override.rb:22:in `call'
rack (2.0.7) lib/rack/runtime.rb:22:in `call'
activesupport (5.1.7) lib/active_support/cache/strategy/local_cache_middleware.rb:27:in `call'
actionpack (5.1.7) lib/action_dispatch/middleware/executor.rb:12:in `call'
actionpack (5.1.7) lib/action_dispatch/middleware/static.rb:125:in `call'
rack (2.0.7) lib/rack/sendfile.rb:111:in `call'
railties (5.1.7) lib/rails/engine.rb:522:in `call'
puma (3.12.1) lib/puma/configuration.rb:227:in `call'
puma (3.12.1) lib/puma/server.rb:660:in `handle_request'
puma (3.12.1) lib/puma/server.rb:474:in `process_client'
puma (3.12.1) lib/puma/server.rb:334:in `block in run'
puma (3.12.1) lib/puma/thread_pool.rb:135:in `block in spawn_thread'
Started GET "/rails/info/routes" for ::1 at 2019-11-08 09:33:15 +0900
  [1m[35m (0.1ms)[0m  [1m[34mSELECT "schema_migrations"."version" FROM "schema_migrations" ORDER BY "schema_migrations"."version" ASC[0m
Processing by Rails::InfoController#routes as HTML
  Rendering /Users/yenyuwen/.rvm/gems/ruby-2.6.3/gems/railties-5.1.7/lib/rails/templates/rails/info/routes.html.erb within layouts/application
  Rendered collection of /Users/yenyuwen/.rvm/gems/ruby-2.6.3/gems/actionpack-5.1.7/lib/action_dispatch/middleware/templates/routes/_route.html.erb [8 times] (2.4ms)
  Rendered /Users/yenyuwen/.rvm/gems/ruby-2.6.3/gems/actionpack-5.1.7/lib/action_dispatch/middleware/templates/routes/_table.html.erb (4.9ms)
  Rendered /Users/yenyuwen/.rvm/gems/ruby-2.6.3/gems/railties-5.1.7/lib/rails/templates/rails/info/routes.html.erb within layouts/application (9.6ms)
Completed 200 OK in 19ms (Views: 13.6ms | ActiveRecord: 0.0ms)


Started GET "/books" for ::1 at 2019-11-08 09:33:34 +0900
Processing by BooksController#index as HTML
  Rendering books/index.html.erb within layouts/application
  [1m[36mBook Load (0.1ms)[0m  [1m[34mSELECT "books".* FROM "books"[0m
  Rendered books/index.html.erb within layouts/application (9.4ms)
Completed 200 OK in 204ms (Views: 199.8ms | ActiveRecord: 0.8ms)


Started GET "/books" for ::1 at 2019-11-08 09:33:37 +0900
Processing by BooksController#index as HTML
  Rendering books/index.html.erb within layouts/application
  [1m[36mBook Load (0.1ms)[0m  [1m[34mSELECT "books".* FROM "books"[0m
  Rendered books/index.html.erb within layouts/application (1.3ms)
Completed 200 OK in 12ms (Views: 10.7ms | ActiveRecord: 0.1ms)


Started GET "/books/new" for ::1 at 2019-11-08 09:34:19 +0900
Processing by BooksController#new as HTML
  Rendering books/new.html.erb within layouts/application
  Rendered books/_form.html.erb (7.6ms)
  Rendered books/new.html.erb within layouts/application (8.6ms)
Completed 200 OK in 21ms (Views: 19.3ms | ActiveRecord: 0.0ms)


Started GET "/books/new" for ::1 at 2019-11-08 09:34:25 +0900
Processing by BooksController#new as HTML
  Rendering books/new.html.erb within layouts/application
  Rendered books/_form.html.erb (1.5ms)
  Rendered books/new.html.erb within layouts/application (2.5ms)
Completed 200 OK in 13ms (Views: 11.6ms | ActiveRecord: 0.0ms)


Started GET "/books/new" for ::1 at 2019-11-08 09:34:37 +0900
Processing by BooksController#new as HTML
  Rendering books/new.html.erb within layouts/application
  Rendered books/_form.html.erb (3.8ms)
  Rendered books/new.html.erb within layouts/application (5.3ms)
Completed 200 OK in 22ms (Views: 20.2ms | ActiveRecord: 0.0ms)


Started GET "/books" for ::1 at 2019-11-08 09:37:07 +0900
Processing by BooksController#index as HTML
  Rendering books/index.html.erb within layouts/application
  [1m[36mBook Load (0.3ms)[0m  [1m[34mSELECT "books".* FROM "books"[0m
  Rendered books/index.html.erb within layouts/application (3.3ms)
Completed 200 OK in 21ms (Views: 18.8ms | ActiveRecord: 0.3ms)


Started GET "/books/1/edit" for ::1 at 2019-11-08 09:37:12 +0900
Processing by BooksController#edit as HTML
  Parameters: {"id"=>"1"}
  [1m[36mBook Load (0.3ms)[0m  [1m[34mSELECT  "books".* FROM "books" WHERE "books"."id" = ? LIMIT ?[0m  [["id", 1], ["LIMIT", 1]]
  Rendering books/edit.html.erb within layouts/application
  Rendered books/_form.html.erb (3.2ms)
  Rendered books/edit.html.erb within layouts/application (5.2ms)
Completed 200 OK in 51ms (Views: 45.0ms | ActiveRecord: 0.3ms)


Started GET "/books/1/edit" for ::1 at 2019-11-08 09:45:00 +0900
  [1m[35m (0.1ms)[0m  [1m[34mSELECT "schema_migrations"."version" FROM "schema_migrations" ORDER BY "schema_migrations"."version" ASC[0m
Processing by BooksController#edit as HTML
  Parameters: {"id"=>"1"}
  [1m[36mBook Load (0.1ms)[0m  [1m[34mSELECT  "books".* FROM "books" WHERE "books"."id" = ? LIMIT ?[0m  [["id", 1], ["LIMIT", 1]]
  Rendering books/edit.html.erb within layouts/application
  Rendered books/_form.html.erb (12.2ms)
  Rendered books/edit.html.erb within layouts/application (13.9ms)
Completed 200 OK in 216ms (Views: 202.4ms | ActiveRecord: 0.7ms)


  [1m[35m (0.1ms)[0m  [1m[36mbegin transaction[0m
  [1m[35mSQL (0.5ms)[0m  [1m[32mINSERT INTO "books" ("title", "memo", "created_at", "updated_at") VALUES (?, ?, ?, ?)[0m  [["title", "some titile"], ["memo", "some memo"], ["created_at", "2019-11-08 00:52:56.628190"], ["updated_at", "2019-11-08 00:52:56.628190"]]
  [1m[35m (1.5ms)[0m  [1m[36mcommit transaction[0m
  [1m[36mBook Load (0.3ms)[0m  [1m[34mSELECT  "books".* FROM "books" ORDER BY "books"."id" DESC LIMIT ?[0m  [["LIMIT", 1]]
Started GET "/books" for ::1 at 2019-11-08 09:53:49 +0900
  [1m[35m (0.1ms)[0m  [1m[34mSELECT "schema_migrations"."version" FROM "schema_migrations" ORDER BY "schema_migrations"."version" ASC[0m
Processing by BooksController#index as HTML
  Rendering books/index.html.erb within layouts/application
  [1m[36mBook Load (0.2ms)[0m  [1m[34mSELECT "books".* FROM "books"[0m
  Rendered books/index.html.erb within layouts/application (8.0ms)
Completed 200 OK in 205ms (Views: 197.7ms | ActiveRecord: 0.6ms)


  [1m[35m (0.1ms)[0m  [1m[34mSELECT "schema_migrations"."version" FROM "schema_migrations" ORDER BY "schema_migrations"."version" ASC[0m
  [1m[36mActiveRecord::InternalMetadata Load (0.1ms)[0m  [1m[34mSELECT  "ar_internal_metadata".* FROM "ar_internal_metadata" WHERE "ar_internal_metadata"."key" = ? LIMIT ?[0m  [["key", "environment"], ["LIMIT", 1]]
  [1m[35m (0.0ms)[0m  [1m[36mbegin transaction[0m
  [1m[35m (0.0ms)[0m  [1m[36mcommit transaction[0m
  [1m[35m (0.1ms)[0m  [1m[34mSELECT "schema_migrations"."version" FROM "schema_migrations" ORDER BY "schema_migrations"."version" ASC[0m
  [1m[35m (0.1ms)[0m  [1m[34mSELECT "schema_migrations"."version" FROM "schema_migrations" ORDER BY "schema_migrations"."version" ASC[0m
  [1m[36mActiveRecord::InternalMetadata Load (0.1ms)[0m  [1m[34mSELECT  "ar_internal_metadata".* FROM "ar_internal_metadata" WHERE "ar_internal_metadata"."key" = ? LIMIT ?[0m  [["key", "environment"], ["LIMIT", 1]]
  [1m[35m (0.0ms)[0m  [1m[36mbegin transaction[0m
  [1m[35m (0.0ms)[0m  [1m[36mcommit transaction[0m
  [1m[35m (0.1ms)[0m  [1m[34mSELECT "schema_migrations"."version" FROM "schema_migrations" ORDER BY "schema_migrations"."version" ASC[0m
Started GET "/books" for ::1 at 2019-11-08 10:22:27 +0900
  [1m[35m (0.1ms)[0m  [1m[34mSELECT "schema_migrations"."version" FROM "schema_migrations" ORDER BY "schema_migrations"."version" ASC[0m
  
ActiveRecord::PendingMigrationError (

Migrations are pending. To resolve this issue, run:

        bin/rails db:migrate RAILS_ENV=development

):
  
activerecord (5.1.7) lib/active_record/migration.rb:576:in `check_pending!'
activerecord (5.1.7) lib/active_record/migration.rb:553:in `call'
actionpack (5.1.7) lib/action_dispatch/middleware/callbacks.rb:26:in `block in call'
activesupport (5.1.7) lib/active_support/callbacks.rb:97:in `run_callbacks'
actionpack (5.1.7) lib/action_dispatch/middleware/callbacks.rb:24:in `call'
actionpack (5.1.7) lib/action_dispatch/middleware/executor.rb:12:in `call'
actionpack (5.1.7) lib/action_dispatch/middleware/debug_exceptions.rb:59:in `call'
web-console (3.7.0) lib/web_console/middleware.rb:135:in `call_app'
web-console (3.7.0) lib/web_console/middleware.rb:30:in `block in call'
web-console (3.7.0) lib/web_console/middleware.rb:20:in `catch'
web-console (3.7.0) lib/web_console/middleware.rb:20:in `call'
actionpack (5.1.7) lib/action_dispatch/middleware/show_exceptions.rb:31:in `call'
railties (5.1.7) lib/rails/rack/logger.rb:36:in `call_app'
railties (5.1.7) lib/rails/rack/logger.rb:24:in `block in call'
activesupport (5.1.7) lib/active_support/tagged_logging.rb:69:in `block in tagged'
activesupport (5.1.7) lib/active_support/tagged_logging.rb:26:in `tagged'
activesupport (5.1.7) lib/active_support/tagged_logging.rb:69:in `tagged'
railties (5.1.7) lib/rails/rack/logger.rb:24:in `call'
sprockets-rails (3.2.1) lib/sprockets/rails/quiet_assets.rb:13:in `call'
actionpack (5.1.7) lib/action_dispatch/middleware/remote_ip.rb:79:in `call'
actionpack (5.1.7) lib/action_dispatch/middleware/request_id.rb:25:in `call'
rack (2.0.7) lib/rack/method_override.rb:22:in `call'
rack (2.0.7) lib/rack/runtime.rb:22:in `call'
activesupport (5.1.7) lib/active_support/cache/strategy/local_cache_middleware.rb:27:in `call'
actionpack (5.1.7) lib/action_dispatch/middleware/executor.rb:12:in `call'
actionpack (5.1.7) lib/action_dispatch/middleware/static.rb:125:in `call'
rack (2.0.7) lib/rack/sendfile.rb:111:in `call'
railties (5.1.7) lib/rails/engine.rb:522:in `call'
puma (3.12.1) lib/puma/configuration.rb:227:in `call'
puma (3.12.1) lib/puma/server.rb:660:in `handle_request'
puma (3.12.1) lib/puma/server.rb:474:in `process_client'
puma (3.12.1) lib/puma/server.rb:334:in `block in run'
puma (3.12.1) lib/puma/thread_pool.rb:135:in `block in spawn_thread'
  [1m[35m (0.1ms)[0m  [1m[34mSELECT "schema_migrations"."version" FROM "schema_migrations" ORDER BY "schema_migrations"."version" ASC[0m
Migrating to AddAtuthorToBooks (20191108010635)
  [1m[35m (0.0ms)[0m  [1m[36mbegin transaction[0m
  [1m[35mSQL (0.4ms)[0m  [1m[32mINSERT INTO "schema_migrations" ("version") VALUES (?)[0m  [["version", "20191108010635"]]
  [1m[35m (1.2ms)[0m  [1m[36mcommit transaction[0m
Migrating to AddAuthorToBooks (20191108011223)
  [1m[35m (0.0ms)[0m  [1m[36mbegin transaction[0m
  [1m[35mSQL (0.3ms)[0m  [1m[32mINSERT INTO "schema_migrations" ("version") VALUES (?)[0m  [["version", "20191108011223"]]
  [1m[35m (0.4ms)[0m  [1m[36mcommit transaction[0m
  [1m[36mActiveRecord::InternalMetadata Load (0.1ms)[0m  [1m[34mSELECT  "ar_internal_metadata".* FROM "ar_internal_metadata" WHERE "ar_internal_metadata"."key" = ? LIMIT ?[0m  [["key", "environment"], ["LIMIT", 1]]
  [1m[35m (0.0ms)[0m  [1m[36mbegin transaction[0m
  [1m[35m (0.0ms)[0m  [1m[36mcommit transaction[0m
  [1m[35m (0.1ms)[0m  [1m[34mSELECT "schema_migrations"."version" FROM "schema_migrations" ORDER BY "schema_migrations"."version" ASC[0m
Started GET "/books" for ::1 at 2019-11-08 10:24:59 +0900
  [1m[35m (0.2ms)[0m  [1m[34mSELECT "schema_migrations"."version" FROM "schema_migrations" ORDER BY "schema_migrations"."version" ASC[0m
Processing by BooksController#index as HTML
  Rendering books/index.html.erb within layouts/application
  [1m[36mBook Load (0.2ms)[0m  [1m[34mSELECT "books".* FROM "books"[0m
  Rendered books/index.html.erb within layouts/application (12.5ms)
Completed 500 Internal Server Error in 23ms (ActiveRecord: 0.7ms)


  
ActionView::Template::Error (undefined method `author' for #<Book:0x00007fc7f3bb2bd8>):
    17:       <tr>
    18:         <td><%= book.title %></td>
    19:         <td><%= book.memo %></td>
    20: 	<td><%= book.author %></td>
    21:         <td><%= link_to 'Show', book %></td>
    22:         <td><%= link_to 'Edit', edit_book_path(book) %></td>
    23:         <td><%= link_to 'Destroy', book, method: :delete, data: { confirm: 'Are you sure?' } %></td>
  
app/views/books/index.html.erb:20:in `block in _app_views_books_index_html_erb___600729290079414376_70248401740400'
app/views/books/index.html.erb:16:in `_app_views_books_index_html_erb___600729290079414376_70248401740400'
Started GET "/books" for ::1 at 2019-11-08 10:27:01 +0900
  [1m[35m (0.1ms)[0m  [1m[34mSELECT "schema_migrations"."version" FROM "schema_migrations" ORDER BY "schema_migrations"."version" ASC[0m
Processing by BooksController#index as HTML
  Rendering books/index.html.erb within layouts/application
  [1m[36mBook Load (0.2ms)[0m  [1m[34mSELECT "books".* FROM "books"[0m
  Rendered books/index.html.erb within layouts/application (7.9ms)
Completed 200 OK in 203ms (Views: 194.4ms | ActiveRecord: 0.6ms)


Started GET "/books/new" for ::1 at 2019-11-08 10:27:04 +0900
Processing by BooksController#new as HTML
  Rendering books/new.html.erb within layouts/application
  Rendered books/_form.html.erb (14.3ms)
  Rendered books/new.html.erb within layouts/application (16.8ms)
Completed 200 OK in 30ms (Views: 28.3ms | ActiveRecord: 0.0ms)


Started POST "/books" for ::1 at 2019-11-08 10:28:16 +0900
Processing by BooksController#create as HTML
  Parameters: {"utf8"=>"âœ“", "authenticity_token"=>"E/Xda6Sy/leQ0BuVcfYnx8Fx0V41u+DqwXJvItYo7shsvZ0zUhK5AQ5QmIP1+2dQmqZUuzXseOLyeQi+E/kGSw==", "book"=>{"title"=>"Children", "memo"=>"kids ", "author"=>"ä¼Šå‚å¹¸å¤ªéƒŽ"}, "commit"=>"Create Book"}
Completed 500 Internal Server Error in 1ms (ActiveRecord: 0.0ms)


  
ActiveModel::UnknownAttributeError (unknown attribute 'author' for Book.):
  
app/controllers/books_controller.rb:27:in `create'
Started POST "/books" for ::1 at 2019-11-08 10:30:14 +0900
  [1m[35m (0.1ms)[0m  [1m[34mSELECT "schema_migrations"."version" FROM "schema_migrations" ORDER BY "schema_migrations"."version" ASC[0m
Processing by BooksController#create as HTML
  Parameters: {"utf8"=>"âœ“", "authenticity_token"=>"E/Xda6Sy/leQ0BuVcfYnx8Fx0V41u+DqwXJvItYo7shsvZ0zUhK5AQ5QmIP1+2dQmqZUuzXseOLyeQi+E/kGSw==", "book"=>{"title"=>"Children", "memo"=>"kids ", "author"=>"ä¼Šå‚å¹¸å¤ªéƒŽ"}, "commit"=>"Create Book"}
Completed 500 Internal Server Error in 11ms (ActiveRecord: 0.5ms)


  
ActiveModel::UnknownAttributeError (unknown attribute 'author' for Book.):
  
app/controllers/books_controller.rb:27:in `create'
Started POST "/books" for ::1 at 2019-11-08 10:30:20 +0900
Processing by BooksController#create as HTML
  Parameters: {"utf8"=>"âœ“", "authenticity_token"=>"E/Xda6Sy/leQ0BuVcfYnx8Fx0V41u+DqwXJvItYo7shsvZ0zUhK5AQ5QmIP1+2dQmqZUuzXseOLyeQi+E/kGSw==", "book"=>{"title"=>"Children", "memo"=>"kids ", "author"=>"ä¼Šå‚å¹¸å¤ªéƒŽ"}, "commit"=>"Create Book"}
Completed 500 Internal Server Error in 1ms (ActiveRecord: 0.0ms)


  
ActiveModel::UnknownAttributeError (unknown attribute 'author' for Book.):
  
app/controllers/books_controller.rb:27:in `create'
Started POST "/books" for ::1 at 2019-11-08 10:30:23 +0900
Processing by BooksController#create as HTML
  Parameters: {"utf8"=>"âœ“", "authenticity_token"=>"C8zbWDmRpWR7nse/YtPfcA5qPMCQj/t/f/krS8zVORUDQnCtf6lOjihx8TNntVOadrrxINfl4JLQMt2/1dNx3A==", "book"=>{"title"=>"Children", "memo"=>"kids ", "author"=>"ä¼Šå‚å¹¸å¤ªéƒŽ"}, "commit"=>"Create Book"}
Completed 500 Internal Server Error in 1ms (ActiveRecord: 0.0ms)


  
ActiveModel::UnknownAttributeError (unknown attribute 'author' for Book.):
  
app/controllers/books_controller.rb:27:in `create'
Started POST "/books" for ::1 at 2019-11-08 10:32:35 +0900
  [1m[35m (0.1ms)[0m  [1m[34mSELECT "schema_migrations"."version" FROM "schema_migrations" ORDER BY "schema_migrations"."version" ASC[0m
Processing by BooksController#create as HTML
  Parameters: {"utf8"=>"âœ“", "authenticity_token"=>"C8zbWDmRpWR7nse/YtPfcA5qPMCQj/t/f/krS8zVORUDQnCtf6lOjihx8TNntVOadrrxINfl4JLQMt2/1dNx3A==", "book"=>{"title"=>"Children", "memo"=>"kids ", "author"=>"ä¼Šå‚å¹¸å¤ªéƒŽ"}, "commit"=>"Create Book"}
Completed 500 Internal Server Error in 12ms (ActiveRecord: 0.6ms)


  
ActiveModel::UnknownAttributeError (unknown attribute 'author' for Book.):
  
app/controllers/books_controller.rb:27:in `create'
Started POST "/books" for ::1 at 2019-11-08 10:32:48 +0900
Processing by BooksController#create as HTML
  Parameters: {"utf8"=>"âœ“", "authenticity_token"=>"C8zbWDmRpWR7nse/YtPfcA5qPMCQj/t/f/krS8zVORUDQnCtf6lOjihx8TNntVOadrrxINfl4JLQMt2/1dNx3A==", "book"=>{"title"=>"Children", "memo"=>"kids ", "author"=>"ä¼Šå‚å¹¸å¤ªéƒŽ"}, "commit"=>"Create Book"}
Completed 500 Internal Server Error in 1ms (ActiveRecord: 0.0ms)


  
ActiveModel::UnknownAttributeError (unknown attribute 'author' for Book.):
  
app/controllers/books_controller.rb:27:in `create'
Started GET "/books/new" for ::1 at 2019-11-08 10:32:54 +0900
Processing by BooksController#new as HTML
  Rendering books/new.html.erb within layouts/application
  Rendered books/_form.html.erb (13.0ms)
  Rendered books/new.html.erb within layouts/application (14.2ms)
Completed 200 OK in 193ms (Views: 190.8ms | ActiveRecord: 0.0ms)


Started POST "/books" for ::1 at 2019-11-08 10:33:00 +0900
Processing by BooksController#create as HTML
  Parameters: {"utf8"=>"âœ“", "authenticity_token"=>"jWEXwj9lGTlF+heyaTROSrm0aBPKzVq2B763MlcLg/PyKVeaycVeb9t6lKTtOQ7d4mPt9sqawr40tdCuktprcA==", "book"=>{"title"=>"werr", "memo"=>"werwe", "author"=>"werwe"}, "commit"=>"Create Book"}
Completed 500 Internal Server Error in 1ms (ActiveRecord: 0.0ms)


  
ActiveModel::UnknownAttributeError (unknown attribute 'author' for Book.):
  
app/controllers/books_controller.rb:27:in `create'
Started POST "/books" for ::1 at 2019-11-08 10:40:20 +0900
  [1m[35m (0.2ms)[0m  [1m[34mSELECT "schema_migrations"."version" FROM "schema_migrations" ORDER BY "schema_migrations"."version" ASC[0m
Processing by BooksController#create as HTML
  Parameters: {"utf8"=>"âœ“", "authenticity_token"=>"jWEXwj9lGTlF+heyaTROSrm0aBPKzVq2B763MlcLg/PyKVeaycVeb9t6lKTtOQ7d4mPt9sqawr40tdCuktprcA==", "book"=>{"title"=>"werr", "memo"=>"werwe", "author"=>"werwe"}, "commit"=>"Create Book"}
Completed 500 Internal Server Error in 11ms (ActiveRecord: 0.7ms)


  
ActiveModel::UnknownAttributeError (unknown attribute 'author' for Book.):
  
app/controllers/books_controller.rb:27:in `create'
Started POST "/books" for ::1 at 2019-11-08 10:43:31 +0900
  [1m[35m (0.2ms)[0m  [1m[34mSELECT "schema_migrations"."version" FROM "schema_migrations" ORDER BY "schema_migrations"."version" ASC[0m
Processing by BooksController#create as HTML
  Parameters: {"utf8"=>"âœ“", "authenticity_token"=>"jWEXwj9lGTlF+heyaTROSrm0aBPKzVq2B763MlcLg/PyKVeaycVeb9t6lKTtOQ7d4mPt9sqawr40tdCuktprcA==", "book"=>{"title"=>"werr", "memo"=>"werwe", "author"=>"werwe"}, "commit"=>"Create Book"}
Completed 500 Internal Server Error in 11ms (ActiveRecord: 0.5ms)


  
ActiveModel::UnknownAttributeError (unknown attribute 'author' for Book.):
  
app/controllers/books_controller.rb:27:in `create'
Started POST "/books" for ::1 at 2019-11-08 10:46:27 +0900
  [1m[35m (0.3ms)[0m  [1m[34mSELECT "schema_migrations"."version" FROM "schema_migrations" ORDER BY "schema_migrations"."version" ASC[0m
Processing by BooksController#create as HTML
  Parameters: {"utf8"=>"âœ“", "authenticity_token"=>"jWEXwj9lGTlF+heyaTROSrm0aBPKzVq2B763MlcLg/PyKVeaycVeb9t6lKTtOQ7d4mPt9sqawr40tdCuktprcA==", "book"=>{"title"=>"werr", "memo"=>"werwe", "author"=>"werwe"}, "commit"=>"Create Book"}
Completed 500 Internal Server Error in 12ms (ActiveRecord: 0.6ms)


  
ActiveModel::UnknownAttributeError (unknown attribute 'author' for Book.):
  
app/controllers/books_controller.rb:27:in `create'
